<?xml version="1.0" encoding="UTF-8"?>
<testsuites>
  <testsuite name="CodeIgniter Application Test Suite" tests="3" assertions="4" failures="0" errors="0" time="2.461515">
    <testsuite name="Welcome_test" file="/var/www/html/funxpms_boss/application/tests/controllers/Welcome_test.php" tests="2" assertions="3" failures="0" errors="0" time="1.888901">
      <testcase name="test_company" class="Welcome_test" file="/var/www/html/funxpms_boss/application/tests/controllers/Welcome_test.php" line="32" assertions="1" time="0.847120"/>
      <testcase name="test_listgoods1" class="Welcome_test" file="/var/www/html/funxpms_boss/application/tests/controllers/Welcome_test.php" line="39" assertions="2" time="1.041781"/>
    </testsuite>
    <testsuite name="Demo_test" file="/var/www/html/funxpms_boss/application/tests/models/Demo_test.php" tests="1" assertions="1" failures="0" errors="0" time="0.572614">
      <testcase name="test_get_category_name" class="Demo_test" file="/var/www/html/funxpms_boss/application/tests/models/Demo_test.php" line="11" assertions="1" time="0.572614"/>
    </testsuite>
  </testsuite>
</testsuites>
